[2025.11.09-22.28.28:457][780]GameLog: Display: [Game] PageApplyBase@ _UpdateGameEnd: LastSceneName = World'/Game/Art/Maps/01SD/XZ_YuJinZhiXiBiNanSuo200/XZ_YuJinZhiXiBiNanSuo200.XZ_YuJinZhiXiBiNanSuo200' NextSceneName = World'/Game/Art/Maps/07YJ/YJ_YongZhouHuiLang200/YJ_YongZhouHuiLang200.YJ_YongZhouHuiLang200'
[2025.11.09-22.28.29:725][418]GameLog: Display: [Game] BagMgr@:Modfy BagItem PageId = 100 SlotId = 1 ConfigBaseId = 10042 Num = 1
[2025.11.09-22.28.30:130][513]GameLog: Display: [Game] BagMgr@:Modfy BagItem PageId = 100 SlotId = 1 ConfigBaseId = 10042 Num = 1
[2025.11.09-22.28.31:399][152]GameLog: Display: [Game] BagMgr@:Modfy BagItem PageId = 100 SlotId = 1 ConfigBaseId = 10042 Num = 1
[2025.11.09-22.28.32:845][482]GameLog: Display: [Game] BagMgr@:Modfy BagItem PageId = 100 SlotId = 1 ConfigBaseId = 10042 Num = 1
[2025.11.09-22.28.33:255][175]GameLog: Display: [Game] BagMgr@:Modfy BagItem PageId = 100 SlotId = 1 ConfigBaseId = 10042 Num = 1
[2025.11.09-22.28.34:701][306]GameLog: Display: [Game] PageApplyBase@ _UpdateGameEnd: LastSceneName = World'/Game/Art/Maps/07YJ/YJ_YongZhouHuiLang200/YJ_YongZhouHuiLang200.YJ_YongZhouHuiLang200' NextSceneName = World'/Game/Art/Maps/01SD/XZ_YuJinZhiXiBiNanSuo200/XZ_YuJinZhiXiBiNanSuo200.XZ_YuJinZhiXiBiNanSuo200'
[2025.11.09-22.28.36:288][691]GameLog: Display: [Game] PageApplyBase@ _UpdateGameEnd: LastSceneName = World'/Game/Art/Maps/01SD/XZ_YuJinZhiXiBiNanSuo200/XZ_YuJinZhiXiBiNanSuo200.XZ_YuJinZhiXiBiNanSuo200' NextSceneName = World'/Game/Art/Maps/07YJ/YJ_YongZhouHuiLang200/YJ_YongZhouHuiLang200.YJ_YongZhouHuiLang200'
[2025.11.09-22.28.37:557][329]GameLog: Display: [Game] BagMgr@:Modfy BagItem PageId = 100 SlotId = 1 ConfigBaseId = 10042 Num = 1
[2025.11.09-22.28.38:821][370]GameLog: Display: [Game] BagMgr@:Modfy BagItem PageId = 100 SlotId = 1 ConfigBaseId = 10042 Num = 1
[2025.11.09-22.28.39:321][207]GameLog: Display: [Game] BagMgr@:Modfy BagItem PageId = 100 SlotId = 1 ConfigBaseId = 10042 Num = 1
[2025.11.09-22.28.40:768][338]GameLog: Display: [Game] BagMgr@:Modfy BagItem PageId = 100 SlotId = 1 ConfigBaseId = 10042 Num = 1
[2025.11.09-22.28.41:037][976]GameLog: Display: [Game] BagMgr@:Modfy BagItem PageId = 100 SlotId = 1 ConfigBaseId = 10042 Num = 1
[2025.11.09-22.28.42:715][307]GameLog: Display: [Game] PageApplyBase@ _UpdateGameEnd: LastSceneName = World'/Game/Art/Maps/07YJ/YJ_YongZhouHuiLang200/YJ_YongZhouHuiLang200.YJ_YongZhouHuiLang200' NextSceneName = World'/Game/Art/Maps/01SD/XZ_YuJinZhiXiBiNanSuo200/XZ_YuJinZhiXiBiNanSuo200.XZ_YuJinZhiXiBiNanSuo200'
[2025.11.09-22.28.44:796][457]GameLog: Display: [Game] PageApplyBase@ _UpdateGameEnd: LastSceneName = World'/Game/Art/Maps/01SD/XZ_YuJinZhiXiBiNanSuo200/XZ_YuJinZhiXiBiNanSuo200.XZ_YuJinZhiXiBiNanSuo200' NextSceneName = World'/Game/Art/Maps/07YJ/YJ_YongZhouHuiLang200/YJ_YongZhouHuiLang200.YJ_YongZhouHuiLang200'
[2025.11.09-22.28.45:297][ 95]GameLog: Display: [Game] BagMgr@:Modfy BagItem PageId = 100 SlotId = 1 ConfigBaseId = 10042 Num = 1
[2025.11.09-22.28.46:743][425]GameLog: Display: [Game] BagMgr@:Modfy BagItem PageId = 100 SlotId = 1 ConfigBaseId = 10042 Num = 1
[2025.11.09-22.28.47:012][ 64]GameLog: Display: [Game] BagMgr@:Modfy BagItem PageId = 100 SlotId = 1 ConfigBaseId = 10042 Num = 1
[2025.11.09-22.28.48:691][394]GameLog: Display: [Game] BagMgr@:Modfy BagItem PageId = 100 SlotId = 1 ConfigBaseId = 10042 Num = 1
[2025.11.09-22.28.49:960][ 32]GameLog: Display: [Game] BagMgr@:Modfy BagItem PageId = 100 SlotId = 1 ConfigBaseId = 10042 Num = 1
[2025.11.09-22.28.50:406][164]GameLog: Display: [Game] PageApplyBase@ _UpdateGameEnd: LastSceneName = World'/Game/Art/Maps/07YJ/YJ_YongZhouHuiLang200/YJ_YongZhouHuiLang200.YJ_YongZhouHuiLang200' NextSceneName = World'/Game/Art/Maps/01SD/XZ_YuJinZhiXiBiNanSuo200/XZ_YuJinZhiXiBiNanSuo200.XZ_YuJinZhiXiBiNanSuo200'
[2025.11.09-22.29.02:401][649]GameLog: Display: [Game] PageApplyBase@ _UpdateGameEnd: LastSceneName = World'/Game/Art/Maps/01SD/XZ_YuJinZhiXiBiNanSuo200/XZ_YuJinZhiXiBiNanSuo200.XZ_YuJinZhiXiBiNanSuo200' NextSceneName = World'/Game/Art/Maps/07YJ/YJ_YongZhouHuiLang200/YJ_YongZhouHuiLang200.YJ_YongZhouHuiLang200'
[2025.11.09-22.29.03:578][342]GameLog: Display: [Game] BagMgr@:Modfy BagItem PageId = 100 SlotId = 1 ConfigBaseId = 10042 Num = 1
[2025.11.09-22.29.04:751][437]GameLog: Display: [Game] BagMgr@:Modfy BagItem PageId = 100 SlotId = 1 ConfigBaseId = 10042 Num = 1
[2025.11.09-22.29.05:160][130]GameLog: Display: [Game] BagMgr@:Modfy BagItem PageId = 100 SlotId = 1 ConfigBaseId = 10042 Num = 1
[2025.11.09-22.29.07:515][315]GameLog: Display: [Game] BagMgr@:Modfy BagItem PageId = 100 SlotId = 1 ConfigBaseId = 10042 Num = 1
[2025.11.09-22.29.08:784][953]GameLog: Display: [Game] BagMgr@:Modfy BagItem PageId = 100 SlotId = 1 ConfigBaseId = 10042 Num = 1
[2025.11.09-22.29.09:463][284]GameLog: Display: [Game] PageApplyBase@ _UpdateGameEnd: LastSceneName = World'/Game/Art/Maps/07YJ/YJ_YongZhouHuiLang200/YJ_YongZhouHuiLang200.YJ_YongZhouHuiLang200' NextSceneName = World'/Game/Art/Maps/01SD/XZ_YuJinZhiXiBiNanSuo200/XZ_YuJinZhiXiBiNanSuo200.XZ_YuJinZhiXiBiNanSuo200'
[2025.11.09-22.29.11:818][469]GameLog: Display: [Game] PageApplyBase@ _UpdateGameEnd: LastSceneName = World'/Game/Art/Maps/01SD/XZ_YuJinZhiXiBiNanSuo200/XZ_YuJinZhiXiBiNanSuo200.XZ_YuJinZhiXiBiNanSuo200' NextSceneName = World'/Game/Art/Maps/07YJ/YJ_YongZhouHuiLang200/YJ_YongZhouHuiLang200.YJ_YongZhouHuiLang200'
[2025.11.09-22.29.12:319][108]GameLog: Display: [Game] BagMgr@:Modfy BagItem PageId = 100 SlotId = 1 ConfigBaseId = 10042 Num = 1
[2025.11.09-22.29.13:765][438]GameLog: Display: [Game] BagMgr@:Modfy BagItem PageId = 100 SlotId = 1 ConfigBaseId = 10042 Num = 1
[2025.11.09-22.29.14:034][ 76]GameLog: Display: [Game] BagMgr@:Modfy BagItem PageId = 100 SlotId = 1 ConfigBaseId = 10042 Num = 1
[2025.11.09-22.29.15:712][407]GameLog: Display: [Game] BagMgr@:Modfy BagItem PageId = 100 SlotId = 1 ConfigBaseId = 10042 Num = 1
[2025.11.09-22.29.16:981][ 45]GameLog: Display: [Game] BagMgr@:Modfy BagItem PageId = 100 SlotId = 1 ConfigBaseId = 10042 Num = 1
[2025.11.09-22.29.17:428][176]GameLog: Display: [Game] PageApplyBase@ _UpdateGameEnd: LastSceneName = World'/Game/Art/Maps/07YJ/YJ_YongZhouHuiLang200/YJ_YongZhouHuiLang200.YJ_YongZhouHuiLang200' NextSceneName = World'/Game/Art/Maps/01SD/XZ_YuJinZhiXiBiNanSuo200/XZ_YuJinZhiXiBiNanSuo200.XZ_YuJinZhiXiBiNanSuo200'
[2025.11.09-22.29.19:740][326]GameLog: Display: [Game] PageApplyBase@ _UpdateGameEnd: LastSceneName = World'/Game/Art/Maps/01SD/XZ_YuJinZhiXiBiNanSuo200/XZ_YuJinZhiXiBiNanSuo200.XZ_YuJinZhiXiBiNanSuo200' NextSceneName = World'/Game/Art/Maps/07YJ/YJ_YongZhouHuiLang200/YJ_YongZhouHuiLang200.YJ_YongZhouHuiLang200'
[2025.11.09-22.29.20:009][963]GameLog: Display: [Game] BagMgr@:Modfy BagItem PageId = 100 SlotId = 1 ConfigBaseId = 10042 Num = 1
[2025.11.09-22.29.21:596][349]GameLog: Display: [Game] BagMgr@:Modfy BagItem PageId = 100 SlotId = 1 ConfigBaseId = 10042 Num = 1
[2025.11.09-22.29.22:865][986]GameLog: Display: [Game] BagMgr@:Modfy BagItem PageId = 100 SlotId = 1 ConfigBaseId = 10042 Num = 1
[2025.11.09-22.29.23:312][118]GameLog: Display: [Game] BagMgr@:Modfy BagItem PageId = 100 SlotId = 1 ConfigBaseId = 10042 Num = 1
[2025.11.09-22.29.24:721][955]GameLog: Display: [Game] BagMgr@:Modfy BagItem PageId = 100 SlotId = 1 ConfigBaseId = 10042 Num = 1
[2025.11.09-22.29.25:985][ 51]GameLog: Display: [Game] PageApplyBase@ _UpdateGameEnd: LastSceneName = World'/Game/Art/Maps/07YJ/YJ_YongZhouHuiLang200/YJ_YongZhouHuiLang200.YJ_YongZhouHuiLang200' NextSceneName = World'/Game/Art/Maps/01SD/XZ_YuJinZhiXiBiNanSuo200/XZ_YuJinZhiXiBiNanSuo200.XZ_YuJinZhiXiBiNanSuo200'
